<?xml version="1.0" encoding="UTF-8"?>
<testng-results ignored="0" total="1" passed="1" failed="0" skipped="0">
  <reporter-output>
  </reporter-output>
  <suite started-at="2022-07-27T22:56:34 IST" name="Default suite" finished-at="2022-07-27T22:58:49 IST" duration-ms="135114">
    <groups>
    </groups>
    <test started-at="2022-07-27T22:56:34 IST" name="Default test" finished-at="2022-07-27T22:58:49 IST" duration-ms="135114">
      <class name="flipkart.FlipkartApp">
        <test-method is-config="true" signature="setUp()[pri:0, instance:flipkart.FlipkartApp@306f16f3]" started-at="2022-07-27T22:56:34 IST" name="setUp" finished-at="2022-07-27T22:58:02 IST" duration-ms="87546" status="PASS">
          <reporter-output>
          </reporter-output>
        </test-method> <!-- setUp -->
        <test-method signature="sampleTest()[pri:0, instance:flipkart.FlipkartApp@306f16f3]" started-at="2022-07-27T22:58:02 IST" name="sampleTest" finished-at="2022-07-27T22:58:38 IST" duration-ms="35789" status="PASS">
          <reporter-output>
          </reporter-output>
        </test-method> <!-- sampleTest -->
        <test-method is-config="true" signature="tearDown()[pri:0, instance:flipkart.FlipkartApp@306f16f3]" started-at="2022-07-27T22:58:38 IST" name="tearDown" finished-at="2022-07-27T22:58:49 IST" duration-ms="11321" status="PASS">
          <reporter-output>
          </reporter-output>
        </test-method> <!-- tearDown -->
      </class> <!-- flipkart.FlipkartApp -->
    </test> <!-- Default test -->
  </suite> <!-- Default suite -->
</testng-results>
